[debug] [2023-11-05T07:53:47.231Z] ----------------------------------------------------------------------
[debug] [2023-11-05T07:53:47.233Z] Command:       C:\Program Files\nodejs\node.exe C:\Users\hp world\AppData\Roaming\npm\node_modules\firebase-tools\lib\bin\firebase.js init
[debug] [2023-11-05T07:53:47.234Z] CLI Version:   12.8.0
[debug] [2023-11-05T07:53:47.234Z] Platform:      win32
[debug] [2023-11-05T07:53:47.235Z] Node Version:  v18.16.0
[debug] [2023-11-05T07:53:47.236Z] Time:          Sun Nov 05 2023 13:23:47 GMT+0530 (India Standard Time)
[debug] [2023-11-05T07:53:47.236Z] ----------------------------------------------------------------------
[debug] 
[debug] [2023-11-05T07:53:47.244Z] > command requires scopes: ["email","openid","https://www.googleapis.com/auth/cloudplatformprojects.readonly","https://www.googleapis.com/auth/firebase","https://www.googleapis.com/auth/cloud-platform"]
[debug] [2023-11-05T07:53:47.245Z] > authorizing via signed-in user (salonibindal81@gmail.com)
[info] 
     ######## #### ########  ######## ########     ###     ######  ########
     ##        ##  ##     ## ##       ##     ##  ##   ##  ##       ##
     ######    ##  ########  ######   ########  #########  ######  ######
     ##        ##  ##    ##  ##       ##     ## ##     ##       ## ##
     ##       #### ##     ## ######## ########  ##     ##  ######  ########

You're about to initialize a Firebase project in this directory:

  C:\Users\hp world\OneDrive\Desktop\Project\twitter_clone\frontend

[info] 
=== Project Setup
[info] 
[info] First, let's associate this project directory with a Firebase project.
[info] You can create multiple project aliases by running firebase use --add, 
[info] but for now we'll just set up a default project.
[info] 
[debug] [2023-11-05T07:54:10.676Z] > refreshing access token with scopes: []
[debug] [2023-11-05T07:54:10.678Z] >>> [apiv2][query] POST https://www.googleapis.com/oauth2/v3/token [none]
[debug] [2023-11-05T07:54:10.678Z] >>> [apiv2][body] POST https://www.googleapis.com/oauth2/v3/token [omitted]
[debug] [2023-11-05T07:54:11.020Z] <<< [apiv2][status] POST https://www.googleapis.com/oauth2/v3/token 200
[debug] [2023-11-05T07:54:11.020Z] <<< [apiv2][body] POST https://www.googleapis.com/oauth2/v3/token [omitted]
[debug] [2023-11-05T07:54:11.034Z] >>> [apiv2][query] GET https://firebase.googleapis.com/v1beta1/projects pageSize=100
[debug] [2023-11-05T07:54:11.972Z] <<< [apiv2][status] GET https://firebase.googleapis.com/v1beta1/projects 200
[debug] [2023-11-05T07:54:11.972Z] <<< [apiv2][body] GET https://firebase.googleapis.com/v1beta1/projects [omitted]
[info] i  Using project twitter-f9fe2 (twitter) 
[info] 
=== Hosting Setup
[info] 
[info] Your public directory is the folder (relative to your project directory) that
[info] will contain Hosting assets to be uploaded with firebase deploy. If you
[info] have a build process for your assets, use your build's output directory.
[info] 
